TITLE : 4*4
        (23:10:58 on June 15, 2025, Sunday)

C O N T R O L   I N F O R M A T I O N

      NUMBER OF NODAL POINTS . . . . . . . . . . (NUMNP)  =    25
      NUMBER OF ELEMENT GROUPS . . . . . . . . . (NUMEG)  =     1
      NUMBER OF LOAD CASES . . . . . . . . . . . (NLCASE) =     1
      SOLUTION MODE  . . . . . . . . . . . . . . (MODEX)  =     1
         EQ.0, DATA CHECK
         EQ.1, EXECUTION

 N O D A L   P O I N T   D A T A

    NODE       BOUNDARY                         NODAL POINT
   NUMBER  CONDITION  CODES                     COORDINATES
    1         1         1                   0.00000e+00    0.00000e+00
    2         0         0                   5.00000e-01    0.00000e+00
    3         0         0                   1.00000e+00    0.00000e+00
    4         0         0                   1.50000e+00    0.00000e+00
    5         0         0                   2.00000e+00    0.00000e+00
    6         1         1                   0.00000e+00    2.50000e-01
    7         0         0                   5.00000e-01    2.50000e-01
    8         0         0                   1.00000e+00    2.50000e-01
    9         0         0                   1.50000e+00    2.50000e-01
   10         0         0                   2.00000e+00    2.50000e-01
   11         1         1                   0.00000e+00    5.00000e-01
   12         0         0                   5.00000e-01    5.00000e-01
   13         0         0                   1.00000e+00    5.00000e-01
   14         0         0                   1.50000e+00    5.00000e-01
   15         0         0                   2.00000e+00    5.00000e-01
   16         1         1                   0.00000e+00    7.50000e-01
   17         0         0                   5.00000e-01    7.50000e-01
   18         0         0                   1.00000e+00    7.50000e-01
   19         0         0                   1.50000e+00    7.50000e-01
   20         0         0                   2.00000e+00    7.50000e-01
   21         1         1                   0.00000e+00    1.00000e+00
   22         0         0                   5.00000e-01    1.00000e+00
   23         0         0                   1.00000e+00    1.00000e+00
   24         0         0                   1.50000e+00    1.00000e+00
   25         0         0                   2.00000e+00    1.00000e+00

 EQUATION NUMBERS

   NODE NUMBER   DEGREES OF FREEDOM
        N           X    Y    Z
        1           0    0    0
        2           1    2    0
        3           3    4    0
        4           5    6    0
        5           7    8    0
        6           0    0    0
        7           9   10    0
        8          11   12    0
        9          13   14    0
       10          15   16    0
       11           0    0    0
       12          17   18    0
       13          19   20    0
       14          21   22    0
       15          23   24    0
       16           0    0    0
       17          25   26    0
       18          27   28    0
       19          29   30    0
       20          31   32    0
       21           0    0    0
       22          33   34    0
       23          35   36    0
       24          37   38    0
       25          39   40    0

 L O A D   C A S E   D A T A

     LOAD CASE NUMBER . . . . . . . =     1
     NUMBER OF CONCENTRATED LOADS . =     2

    NODE       DIRECTION      LOAD
   NUMBER                   MAGNITUDE
     25            1        1.00000e+00
      5            1       -1.00000e+00

 E L E M E N T   G R O U P   D A T A


 E L E M E N T   D E F I N I T I O N

 ELEMENT TYPE  . . . . . . . . . . . . .( NPAR(1) ) . . =    2
     EQ.1, TRUSS ELEMENTS
     EQ.2, Q4 ELEMENTS
     EQ.3, NOT AVAILABLE

 NUMBER OF ELEMENTS. . . . . . . . . . .( NPAR(2) ) . . =   16

 M A T E R I A L   D E F I N I T I O N

 NUMBER OF DIFFERENT SETS OF MATERIAL
 AND THICKNESS  . . . .( NPAR(3) ) . . =    1

  SET       YOUNG'S     POISSON'S     THICKNESS
 NUMBER     MODULUS        RATIO          T
               E            NU
    1     1.00000e+02     3.00000e-01     1.00000e+00


 E L E M E N T   I N F O R M A T I O N
 ELEMENT     NODE     NODE       MATERIAL
 NUMBER-N      I        J       SET NUMBER
    1          1        2        7        6           1
    2          2        3        8        7           1
    3          3        4        9        8           1
    4          4        5       10        9           1
    5          6        7       12       11           1
    6          7        8       13       12           1
    7          8        9       14       13           1
    8          9       10       15       14           1
    9         11       12       17       16           1
   10         12       13       18       17           1
   11         13       14       19       18           1
   12         14       15       20       19           1
   13         16       17       22       21           1
   14         17       18       23       22           1
   15         18       19       24       23           1
   16         19       20       25       24           1

	TOTAL SYSTEM DATA

     NUMBER OF EQUATIONS . . . . . . . . . . . . . .(NEQ) = 40
     NUMBER OF MATRIX ELEMENTS . . . . . . . . . . .(NWK) = 376
     MAXIMUM HALF BANDWIDTH  . . . . . . . . . . . .(MK ) = 12
     MEAN HALF BANDWIDTH . . . . . . . . . . . . . .(MM ) = 9


 LOAD CASE    1


 D I S P L A C E M E N T S

  NODE           X-DISPLACEMENT    Y-DISPLACEMENT    Z-DISPLACEMENT
    1               0.00000e+00       0.00000e+00       0.00000e+00
    2              -2.66058e-02      -1.63111e-02       0.00000e+00
    3              -5.36408e-02      -5.61285e-02       0.00000e+00
    4              -8.03635e-02      -1.21919e-01       0.00000e+00
    5              -1.15381e-01      -2.22359e-01       0.00000e+00
    6               0.00000e+00       0.00000e+00       0.00000e+00
    7              -1.29295e-02      -1.26714e-02       0.00000e+00
    8              -2.70725e-02      -5.29701e-02       0.00000e+00
    9              -4.06019e-02      -1.19847e-01       0.00000e+00
   10              -4.70646e-02      -2.17609e-01       0.00000e+00
   11               0.00000e+00       0.00000e+00       0.00000e+00
   12               1.19262e-17      -1.15576e-02       0.00000e+00
   13               2.21177e-17      -5.16361e-02       0.00000e+00
   14              -1.99493e-17      -1.20099e-01       0.00000e+00
   15              -4.85723e-17      -2.15626e-01       0.00000e+00
   16               0.00000e+00       0.00000e+00       0.00000e+00
   17               1.29295e-02      -1.26714e-02       0.00000e+00
   18               2.70725e-02      -5.29701e-02       0.00000e+00
   19               4.06019e-02      -1.19847e-01       0.00000e+00
   20               4.70646e-02      -2.17609e-01       0.00000e+00
   21               0.00000e+00       0.00000e+00       0.00000e+00
   22               2.66058e-02      -1.63111e-02       0.00000e+00
   23               5.36408e-02      -5.61285e-02       0.00000e+00
   24               8.03635e-02      -1.21919e-01       0.00000e+00
   25               1.15381e-01      -2.22359e-01       0.00000e+00

 S T R E S S  C A L C U L A T I O N S  F O R  E L E M E N T  G R O U P    1

  ELEMENT           simga_xx          simga_yy          sigma_xy
  NUMBER
    1   -4.10455e+00   -5.03422e-01   -6.26895e-02
    2   -4.07684e+00    1.36575e-01    1.43585e-02
    3   -4.07844e+00   -1.77443e-01   -3.17916e-04
    4   -4.10847e+00    1.31918e-01    6.90588e-01
    5   -1.34738e+00   -1.81447e-01    6.26895e-02
    6   -1.39279e+00    7.17185e-02   -1.43585e-02
    7   -1.41543e+00   -2.08285e-01    3.17916e-04
    8   -5.96088e-01    1.67247e-01   -6.90588e-01
    9    1.34738e+00    1.81447e-01    6.26895e-02
   10    1.39279e+00   -7.17185e-02   -1.43585e-02
   11    1.41543e+00    2.08285e-01    3.17916e-04
   12    5.96088e-01   -1.67247e-01   -6.90588e-01
   13    4.10455e+00    5.03422e-01   -6.26895e-02
   14    4.07684e+00   -1.36575e-01    1.43585e-02
   15    4.07844e+00    1.77443e-01   -3.17916e-04
   16    4.10847e+00   -1.31918e-01    6.90588e-01

 S O L U T I O N   T I M E   L O G   I N   S E C 

     TIME FOR INPUT PHASE = 4.80000e-02
     TIME FOR CALCULATION OF STIFFNESS MATRIX = 2.00000e-03
     TIME FOR FACTORIZATION AND LOAD CASE SOLUTIONS = 2.50000e-02

     T O T A L   S O L U T I O N   T I M E = 7.50000e-02

